<?xml version="1.0" encoding="UTF-8"?>
<robot generator="Robot 6.0.1 (Python 3.11.0 on win32)" generated="20221121 21:35:54.705" rpa="false" schemaversion="3">
<suite id="s1" name="Tc1" source="D:\robotframework\testcases\tc1.robot">
<test id="s1-t1" name="login" line="6">
<kw name="browser should be opened" library="secondfile">
<kw name="Open Browser" library="SeleniumLibrary">
<arg>${url}</arg>
<arg>${browser}</arg>
<doc>Opens a new browser instance to the optional ``url``.</doc>
<msg timestamp="20221121 21:35:55.264" level="INFO">Opening browser 'chrome' to base url 'https://opensource-demo.orangehrmlive.com/web/index.php/auth/login'.</msg>
<status status="PASS" starttime="20221121 21:35:55.264" endtime="20221121 21:36:15.730"/>
</kw>
<kw name="Maximize Browser Window" library="SeleniumLibrary">
<doc>Maximizes current browser window.</doc>
<status status="PASS" starttime="20221121 21:36:15.730" endtime="20221121 21:36:16.439"/>
</kw>
<kw name="Sleep" library="BuiltIn">
<arg>10</arg>
<doc>Pauses the test executed for the given time.</doc>
<msg timestamp="20221121 21:36:26.442" level="INFO">Slept 10 seconds</msg>
<status status="PASS" starttime="20221121 21:36:16.440" endtime="20221121 21:36:26.442"/>
</kw>
<kw name="Log To Console" library="BuiltIn">
<arg>Get Title</arg>
<doc>Logs the given message to the console.</doc>
<status status="PASS" starttime="20221121 21:36:26.442" endtime="20221121 21:36:26.443"/>
</kw>
<if>
<branch type="IF" condition="&quot;${text}&quot; == &quot;${text}&quot;">
<kw name="Log To Console" library="BuiltIn">
<arg>text is found</arg>
<doc>Logs the given message to the console.</doc>
<status status="PASS" starttime="20221121 21:36:26.444" endtime="20221121 21:36:26.445"/>
</kw>
<status status="PASS" starttime="20221121 21:36:26.444" endtime="20221121 21:36:26.445"/>
</branch>
<branch type="ELSE">
<kw name="Log To Console" library="BuiltIn">
<arg>text is not found</arg>
<doc>Logs the given message to the console.</doc>
<status status="NOT RUN" starttime="20221121 21:36:26.445" endtime="20221121 21:36:26.445"/>
</kw>
<status status="NOT RUN" starttime="20221121 21:36:26.445" endtime="20221121 21:36:26.445"/>
</branch>
<status status="PASS" starttime="20221121 21:36:26.443" endtime="20221121 21:36:26.445"/>
</if>
<status status="PASS" starttime="20221121 21:35:55.262" endtime="20221121 21:36:26.446"/>
</kw>
<kw name="username should be entered" library="secondfile">
<kw name="Wait Until Page Contains Element" library="SeleniumLibrary">
<arg>${name}</arg>
<doc>Waits until the element ``locator`` appears on the current page.</doc>
<status status="PASS" starttime="20221121 21:36:26.447" endtime="20221121 21:36:26.864"/>
</kw>
<kw name="Click Element" library="SeleniumLibrary">
<arg>${name}</arg>
<doc>Click the element identified by ``locator``.</doc>
<msg timestamp="20221121 21:36:26.865" level="INFO">Clicking element '//*[@name='username']'.</msg>
<status status="PASS" starttime="20221121 21:36:26.864" endtime="20221121 21:36:27.103"/>
</kw>
<kw name="Log To Console" library="BuiltIn">
<arg>username is found</arg>
<doc>Logs the given message to the console.</doc>
<status status="PASS" starttime="20221121 21:36:27.103" endtime="20221121 21:36:27.104"/>
</kw>
<kw name="Input Text" library="SeleniumLibrary">
<arg>${name}</arg>
<arg>Admin</arg>
<doc>Types the given ``text`` into the text field identified by ``locator``.</doc>
<msg timestamp="20221121 21:36:27.105" level="INFO">Typing text 'Admin' into text field '//*[@name='username']'.</msg>
<status status="PASS" starttime="20221121 21:36:27.104" endtime="20221121 21:36:27.271"/>
</kw>
<kw name="Log To Console" library="BuiltIn">
<arg>username is entered</arg>
<doc>Logs the given message to the console.</doc>
<status status="PASS" starttime="20221121 21:36:27.272" endtime="20221121 21:36:27.273"/>
</kw>
<status status="PASS" starttime="20221121 21:36:26.446" endtime="20221121 21:36:27.274"/>
</kw>
<kw name="password should be entered" library="secondfile">
<kw name="Wait Until Page Contains Element" library="SeleniumLibrary">
<arg>${password}</arg>
<doc>Waits until the element ``locator`` appears on the current page.</doc>
<status status="PASS" starttime="20221121 21:36:27.277" endtime="20221121 21:36:27.324"/>
</kw>
<kw name="Click Element" library="SeleniumLibrary">
<arg>${password}</arg>
<doc>Click the element identified by ``locator``.</doc>
<msg timestamp="20221121 21:36:27.325" level="INFO">Clicking element '//*[@type='password']'.</msg>
<status status="PASS" starttime="20221121 21:36:27.324" endtime="20221121 21:36:27.416"/>
</kw>
<kw name="Log To Console" library="BuiltIn">
<arg>password is found</arg>
<doc>Logs the given message to the console.</doc>
<status status="PASS" starttime="20221121 21:36:27.416" endtime="20221121 21:36:27.417"/>
</kw>
<kw name="Input Text" library="SeleniumLibrary">
<arg>${password}</arg>
<arg>admin123</arg>
<doc>Types the given ``text`` into the text field identified by ``locator``.</doc>
<msg timestamp="20221121 21:36:27.419" level="INFO">Typing text 'admin123' into text field '//*[@type='password']'.</msg>
<status status="PASS" starttime="20221121 21:36:27.417" endtime="20221121 21:36:27.578"/>
</kw>
<kw name="Log To Console" library="BuiltIn">
<arg>password is entered</arg>
<doc>Logs the given message to the console.</doc>
<status status="PASS" starttime="20221121 21:36:27.579" endtime="20221121 21:36:27.579"/>
</kw>
<status status="PASS" starttime="20221121 21:36:27.276" endtime="20221121 21:36:27.580"/>
</kw>
<kw name="click the login button" library="secondfile">
<kw name="Click Element" library="SeleniumLibrary">
<arg>${button}</arg>
<doc>Click the element identified by ``locator``.</doc>
<msg timestamp="20221121 21:36:27.582" level="INFO">Clicking element '//*[@type='submit']'.</msg>
<status status="PASS" starttime="20221121 21:36:27.581" endtime="20221121 21:36:29.418"/>
</kw>
<kw name="Log To Console" library="BuiltIn">
<arg>login is clicked</arg>
<doc>Logs the given message to the console.</doc>
<status status="PASS" starttime="20221121 21:36:29.418" endtime="20221121 21:36:29.419"/>
</kw>
<status status="PASS" starttime="20221121 21:36:27.580" endtime="20221121 21:36:29.419"/>
</kw>
<kw name="click on performance" library="secondfile">
<kw name="user defined methods" library="secondfile">
<arg>${P}</arg>
<kw name="Wait Until Element Is Visible" library="SeleniumLibrary">
<arg>${l}</arg>
<arg>10</arg>
<doc>Waits until the element ``locator`` is visible.</doc>
<status status="PASS" starttime="20221121 21:36:29.422" endtime="20221121 21:36:30.140"/>
</kw>
<kw name="Click Link" library="SeleniumLibrary">
<arg>${l}</arg>
<doc>Clicks a link identified by ``locator``.</doc>
<msg timestamp="20221121 21:36:30.143" level="INFO">Clicking link '//*[@class='oxd-main-menu']/li[7]/a'.</msg>
<status status="PASS" starttime="20221121 21:36:30.140" endtime="20221121 21:36:31.604"/>
</kw>
<status status="PASS" starttime="20221121 21:36:29.421" endtime="20221121 21:36:31.604"/>
</kw>
<status status="PASS" starttime="20221121 21:36:29.420" endtime="20221121 21:36:31.604"/>
</kw>
<kw name="click on admin" library="secondfile">
<kw name="user defined methods" library="secondfile">
<arg>${a}</arg>
<kw name="Wait Until Element Is Visible" library="SeleniumLibrary">
<arg>${l}</arg>
<arg>10</arg>
<doc>Waits until the element ``locator`` is visible.</doc>
<status status="PASS" starttime="20221121 21:36:31.606" endtime="20221121 21:36:32.131"/>
</kw>
<kw name="Click Link" library="SeleniumLibrary">
<arg>${l}</arg>
<doc>Clicks a link identified by ``locator``.</doc>
<msg timestamp="20221121 21:36:32.132" level="INFO">Clicking link '//*[@class='oxd-main-menu']/li[1]/a'.</msg>
<status status="PASS" starttime="20221121 21:36:32.131" endtime="20221121 21:36:33.386"/>
</kw>
<status status="PASS" starttime="20221121 21:36:31.606" endtime="20221121 21:36:33.386"/>
</kw>
<status status="PASS" starttime="20221121 21:36:31.605" endtime="20221121 21:36:33.386"/>
</kw>
<kw name="enter username" library="secondfile">
<kw name="Wait Until Page Contains Element" library="SeleniumLibrary">
<arg>${username}</arg>
<arg>5</arg>
<doc>Waits until the element ``locator`` appears on the current page.</doc>
<status status="PASS" starttime="20221121 21:36:33.388" endtime="20221121 21:36:33.887"/>
</kw>
<kw name="Click Element" library="SeleniumLibrary">
<arg>${username}</arg>
<doc>Click the element identified by ``locator``.</doc>
<msg timestamp="20221121 21:36:33.889" level="INFO">Clicking element '//*[@class='oxd-input oxd-input--active']'.</msg>
<status status="PASS" starttime="20221121 21:36:33.887" endtime="20221121 21:36:34.056"/>
</kw>
<kw name="Input Text" library="SeleniumLibrary">
<arg>${username}</arg>
<arg>harsha</arg>
<doc>Types the given ``text`` into the text field identified by ``locator``.</doc>
<msg timestamp="20221121 21:36:34.058" level="INFO">Typing text 'harsha' into text field '//*[@class='oxd-input oxd-input--active']'.</msg>
<status status="PASS" starttime="20221121 21:36:34.057" endtime="20221121 21:36:34.952"/>
</kw>
<status status="PASS" starttime="20221121 21:36:33.387" endtime="20221121 21:36:34.952"/>
</kw>
<kw name="select userrole" library="secondfile">
<kw name="Wait Until Page Contains Element" library="SeleniumLibrary">
<arg>${userrole}</arg>
<arg>5</arg>
<doc>Waits until the element ``locator`` appears on the current page.</doc>
<status status="PASS" starttime="20221121 21:36:34.954" endtime="20221121 21:36:34.997"/>
</kw>
<kw name="Select From List By Label" library="SeleniumLibrary">
<arg>${userrole}</arg>
<arg>ESS</arg>
<doc>Selects options from selection list ``locator`` by ``labels``.</doc>
<msg timestamp="20221121 21:36:34.998" level="INFO">Selecting options from selection list '//*[@class='oxd-select-text oxd-select-text--active']/div[2]/i' by label ESS.</msg>
<msg timestamp="20221121 21:36:35.421" level="INFO" html="true">&lt;/td&gt;&lt;/tr&gt;&lt;tr&gt;&lt;td colspan="3"&gt;&lt;a href="selenium-screenshot-527.png"&gt;&lt;img src="selenium-screenshot-527.png" width="800px"&gt;&lt;/a&gt;</msg>
<msg timestamp="20221121 21:36:35.422" level="FAIL">List with locator '//*[@class='oxd-select-text oxd-select-text--active']/div[2]/i' not found.</msg>
<status status="FAIL" starttime="20221121 21:36:34.997" endtime="20221121 21:36:36.949"/>
</kw>
<kw name="Sleep" library="BuiltIn">
<arg>3</arg>
<doc>Pauses the test executed for the given time.</doc>
<status status="NOT RUN" starttime="20221121 21:36:36.949" endtime="20221121 21:36:36.949"/>
</kw>
<status status="FAIL" starttime="20221121 21:36:34.953" endtime="20221121 21:36:36.950"/>
</kw>
<kw name="click on recritement" library="secondfile">
<status status="NOT RUN" starttime="20221121 21:36:36.950" endtime="20221121 21:36:36.951"/>
</kw>
<kw name="job titles" library="secondfile">
<status status="NOT RUN" starttime="20221121 21:36:36.952" endtime="20221121 21:36:36.952"/>
</kw>
<status status="FAIL" starttime="20221121 21:35:55.256" endtime="20221121 21:36:36.953">List with locator '//*[@class='oxd-select-text oxd-select-text--active']/div[2]/i' not found.</status>
</test>
<status status="FAIL" starttime="20221121 21:35:54.708" endtime="20221121 21:36:36.960"/>
</suite>
<statistics>
<total>
<stat pass="0" fail="1" skip="0">All Tests</stat>
</total>
<tag>
</tag>
<suite>
<stat pass="0" fail="1" skip="0" id="s1" name="Tc1">Tc1</stat>
</suite>
</statistics>
<errors>
<msg timestamp="20221121 21:35:55.249" level="ERROR">Error in file 'D:\robotframework\testcases\tc1.robot' on line 3: Importing library 'SeliniumLibrary' failed: ModuleNotFoundError: No module named 'SeliniumLibrary'
Traceback (most recent call last):
  None
PYTHONPATH:
  C:\Users\Ragha\AppData\Local\Programs\Python\Python311\Scripts\robot.exe
  C:\Users\Ragha\AppData\Local\Programs\Python\Python311\python311.zip
  C:\Users\Ragha\AppData\Local\Programs\Python\Python311\Lib
  C:\Users\Ragha\AppData\Local\Programs\Python\Python311\DLLs
  C:\Users\Ragha\AppData\Local\Programs\Python\Python311
  C:\Users\Ragha\AppData\Local\Programs\Python\Python311\Lib\site-packages</msg>
</errors>
</robot>
